2022-04-26 12:49:47:4947 - [32minfo[39m: [32mServer Initialized at port: 3000[39m
2022-04-26 12:50:33:5033 - [32minfo[39m: [32mConectou ao banco de dados![39m
2022-04-26 12:50:33:5033 - [32minfo[39m: [32mServer Initialized at port: 3000[39m
2022-04-26 12:50:41:5041 - [32minfo[39m: [32mConectou ao banco de dados![39m
2022-04-26 12:50:41:5041 - [32minfo[39m: [32mServer Initialized at port: 3000[39m
2022-04-26 12:50:44:5044 - [32minfo[39m: [32mConectou ao banco de dados![39m
2022-04-26 12:50:44:5044 - [32minfo[39m: [32mServer Initialized at port: 3000[39m
2022-04-26 12:50:49:5049 - [32minfo[39m: [32mConectou ao banco de dados![39m
2022-04-26 12:50:49:5049 - [32minfo[39m: [32mServer Initialized at port: 3000[39m
2022-04-26 12:50:52:5052 - [32minfo[39m: [32mConectou ao banco de dados![39m
2022-04-26 12:50:52:5052 - [32minfo[39m: [32mServer Initialized at port: 3000[39m
2022-04-26 12:50:56:5056 - [32minfo[39m: [32mConectou ao banco de dados![39m
2022-04-26 12:50:56:5056 - [32minfo[39m: [32mServer Initialized at port: 3000[39m
2022-04-26 12:51:02:512 - [32minfo[39m: [32mConectou ao banco de dados![39m
2022-04-26 12:51:02:512 - [32minfo[39m: [32mServer Initialized at port: 3000[39m
2022-04-26 12:51:24:5124 - [32minfo[39m: [32mConectou ao banco de dados![39m
2022-04-26 12:51:24:5124 - [32minfo[39m: [32mServer Initialized at port: 3000[39m
2022-04-26 12:51:30:5130 - [31merror[39m: [31mNão foi possível conectar...[39m
2022-04-26 12:51:30:5130 - [31merror[39m: [31mErro: MongoParseError: mongodb+srv URI cannot have port number[39m
2022-04-26 12:51:30:5130 - [32minfo[39m: [32mServer Initialized at port: 3000[39m
2022-04-26 12:51:36:5136 - [32minfo[39m: [32mConectou ao banco de dados![39m
2022-04-26 12:51:37:5137 - [32minfo[39m: [32mServer Initialized at port: 3000[39m
2022-04-26 12:52:12:5212 - [32minfo[39m: [32mConectou ao banco de dados![39m
2022-04-26 12:52:12:5212 - [32minfo[39m: [32mServer Initialized at port: 3000[39m
2022-04-26 12:52:15:5215 - [32minfo[39m: [32mConectou ao banco de dados![39m
2022-04-26 12:52:15:5215 - [32minfo[39m: [32mServer Initialized at port: 3000[39m
2022-04-26 12:52:23:5223 - [32minfo[39m: [32mConectou ao banco de dados![39m
2022-04-26 12:52:23:5223 - [32minfo[39m: [32mServer Initialized at port: 3000[39m
2022-04-26 12:52:35:5235 - [31merror[39m: [31mNão foi possível conectar...[39m
2022-04-26 12:52:40:5240 - [32minfo[39m: [32mConectou ao banco de dados![39m
2022-04-26 12:52:40:5240 - [32minfo[39m: [32mServer Initialized at port: 3000[39m
2022-04-26 13:15:16:1516 - [32minfo[39m: [32mConectou ao banco de dados![39m
2022-04-26 13:15:16:1516 - [32minfo[39m: [32mServer Initialized at port: 3000[39m
2022-04-26 13:15:33:1533 - [32minfo[39m: [32mConectou ao banco de dados![39m
2022-04-26 13:15:33:1533 - [32minfo[39m: [32mServer Initialized at port: 3000[39m
2022-04-26 13:15:53:1553 - [32minfo[39m: [32mConectou ao banco de dados![39m
2022-04-26 13:15:53:1553 - [32minfo[39m: [32mServer Initialized at port: 3000[39m
2022-04-26 13:16:19:1619 - [32minfo[39m: [32mConectou ao banco de dados![39m
2022-04-26 13:16:19:1619 - [32minfo[39m: [32mServer Initialized at port: 3000[39m
2022-04-26 13:17:07:177 - [32minfo[39m: [32mConectou ao banco de dados![39m
2022-04-26 13:17:07:177 - [32minfo[39m: [32mServer Initialized at port: 3000[39m
2022-04-26 13:17:09:179 - [35mhttp[39m: [35mGET /api/test 200 11 - 10.305 ms[39m
[35m[39m
2022-04-26 13:17:10:1710 - [35mhttp[39m: [35mGET /api/test 200 11 - 1.088 ms[39m
[35m[39m
2022-04-26 13:31:02:312 - [32minfo[39m: [32mConectou ao banco de dados![39m
2022-04-26 13:31:02:312 - [32minfo[39m: [32mServer Initialized at port: 3000[39m
2022-04-26 13:31:15:3115 - [32minfo[39m: [32mConectou ao banco de dados![39m
2022-04-26 13:31:15:3115 - [32minfo[39m: [32mServer Initialized at port: 3000[39m
2022-04-26 13:31:33:3133 - [32minfo[39m: [32mConectou ao banco de dados![39m
2022-04-26 13:31:33:3133 - [32minfo[39m: [32mServer Initialized at port: 3000[39m
2022-04-26 13:31:58:3158 - [32minfo[39m: [32mConectou ao banco de dados![39m
2022-04-26 13:31:58:3158 - [32minfo[39m: [32mServer Initialized at port: 3000[39m
2022-04-26 13:32:07:327 - [32minfo[39m: [32mConectou ao banco de dados![39m
2022-04-26 13:32:07:327 - [32minfo[39m: [32mServer Initialized at port: 3000[39m
2022-04-26 13:32:09:329 - [32minfo[39m: [32mConectou ao banco de dados![39m
2022-04-26 13:32:09:329 - [32minfo[39m: [32mServer Initialized at port: 3000[39m
2022-04-26 13:32:12:3212 - [32minfo[39m: [32mConectou ao banco de dados![39m
2022-04-26 13:32:12:3212 - [32minfo[39m: [32mServer Initialized at port: 3000[39m
2022-04-26 13:33:33:3333 - [35mhttp[39m: [35mPOST /api/movie 200 22 - 5.260 ms[39m
[35m[39m
2022-04-26 13:34:21:3421 - [32minfo[39m: [32mConectou ao banco de dados![39m
2022-04-26 13:34:21:3421 - [32minfo[39m: [32mServer Initialized at port: 3000[39m
2022-04-26 13:34:32:3432 - [32minfo[39m: [32mConectou ao banco de dados![39m
2022-04-26 13:34:32:3432 - [32minfo[39m: [32mServer Initialized at port: 3000[39m
2022-04-26 13:34:44:3444 - [32minfo[39m: [32mConectou ao banco de dados![39m
2022-04-26 13:34:44:3444 - [32minfo[39m: [32mServer Initialized at port: 3000[39m
2022-04-26 13:34:48:3448 - [32minfo[39m: [32mConectou ao banco de dados![39m
2022-04-26 13:34:48:3448 - [32minfo[39m: [32mServer Initialized at port: 3000[39m
2022-04-26 13:34:50:3450 - [32minfo[39m: [32mConectou ao banco de dados![39m
2022-04-26 13:34:50:3450 - [32minfo[39m: [32mServer Initialized at port: 3000[39m
2022-04-26 13:34:58:3458 - [32minfo[39m: [32mConectou ao banco de dados![39m
2022-04-26 13:34:58:3458 - [32minfo[39m: [32mServer Initialized at port: 3000[39m
2022-04-26 13:35:10:3510 - [32minfo[39m: [32mConectou ao banco de dados![39m
2022-04-26 13:35:10:3510 - [32minfo[39m: [32mServer Initialized at port: 3000[39m
2022-04-26 13:35:14:3514 - [32minfo[39m: [32mConectou ao banco de dados![39m
2022-04-26 13:35:14:3514 - [32minfo[39m: [32mServer Initialized at port: 3000[39m
2022-04-26 13:35:25:3525 - [32minfo[39m: [32mConectou ao banco de dados![39m
2022-04-26 13:35:25:3525 - [32minfo[39m: [32mServer Initialized at port: 3000[39m
2022-04-26 13:35:31:3531 - [32minfo[39m: [32mConectou ao banco de dados![39m
2022-04-26 13:35:31:3531 - [32minfo[39m: [32mServer Initialized at port: 3000[39m
2022-04-26 13:35:36:3536 - [32minfo[39m: [32mConectou ao banco de dados![39m
2022-04-26 13:35:36:3536 - [32minfo[39m: [32mServer Initialized at port: 3000[39m
2022-04-26 13:36:23:3623 - [35mhttp[39m: [35mPOST /api/movie 201 155 - 107.637 ms[39m
[35m[39m
2022-04-26 15:25:29:2529 - [32minfo[39m: [32mConectou ao banco de dados![39m
2022-04-26 15:25:29:2529 - [32minfo[39m: [32mServer Initialized at port: 3000[39m
2022-04-26 15:25:33:2533 - [32minfo[39m: [32mConectou ao banco de dados![39m
2022-04-26 15:25:33:2533 - [32minfo[39m: [32mServer Initialized at port: 3000[39m
2022-04-26 15:25:42:2542 - [32minfo[39m: [32mConectou ao banco de dados![39m
2022-04-26 15:25:42:2542 - [32minfo[39m: [32mServer Initialized at port: 3000[39m
2022-04-26 15:26:33:2633 - [35mhttp[39m: [35mPOST /api/movie 201 158 - 52.863 ms[39m
[35m[39m
2022-04-26 15:30:01:301 - [32minfo[39m: [32mConectou ao banco de dados![39m
2022-04-26 15:30:01:301 - [32minfo[39m: [32mServer Initialized at port: 3000[39m
2022-04-26 15:30:06:306 - [32minfo[39m: [32mConectou ao banco de dados![39m
2022-04-26 15:30:06:306 - [32minfo[39m: [32mServer Initialized at port: 3000[39m
2022-04-26 15:30:15:3015 - [35mhttp[39m: [35mPOST /api/movie 201 143 - 83.882 ms[39m
[35m[39m
2022-04-26 15:30:34:3034 - [35mhttp[39m: [35mPOST /api/movie 422 50 - 1.614 ms[39m
[35m[39m
2022-04-26 15:33:45:3345 - [32minfo[39m: [32mConectou ao banco de dados![39m
2022-04-26 15:33:45:3345 - [32minfo[39m: [32mServer Initialized at port: 3000[39m
2022-04-26 15:34:19:3419 - [32minfo[39m: [32mConectou ao banco de dados![39m
2022-04-26 15:34:19:3419 - [32minfo[39m: [32mServer Initialized at port: 3000[39m
2022-04-26 15:34:21:3421 - [32minfo[39m: [32mConectou ao banco de dados![39m
2022-04-26 15:34:21:3421 - [32minfo[39m: [32mServer Initialized at port: 3000[39m
2022-04-26 15:34:23:3423 - [32minfo[39m: [32mConectou ao banco de dados![39m
2022-04-26 15:34:23:3423 - [32minfo[39m: [32mServer Initialized at port: 3000[39m
2022-04-26 15:34:37:3437 - [32minfo[39m: [32mConectou ao banco de dados![39m
2022-04-26 15:34:37:3437 - [32minfo[39m: [32mServer Initialized at port: 3000[39m
2022-04-26 15:34:41:3441 - [32minfo[39m: [32mConectou ao banco de dados![39m
2022-04-26 15:34:41:3441 - [32minfo[39m: [32mServer Initialized at port: 3000[39m
2022-04-26 15:34:43:3443 - [32minfo[39m: [32mConectou ao banco de dados![39m
2022-04-26 15:34:43:3443 - [32minfo[39m: [32mServer Initialized at port: 3000[39m
2022-04-26 15:34:57:3457 - [35mhttp[39m: [35mPOST /api/movie 422 70 - 7.453 ms[39m
[35m[39m
2022-04-26 15:35:04:354 - [32minfo[39m: [32mConectou ao banco de dados![39m
2022-04-26 15:35:04:354 - [32minfo[39m: [32mServer Initialized at port: 3000[39m
2022-04-26 15:35:09:359 - [32minfo[39m: [32mConectou ao banco de dados![39m
2022-04-26 15:35:09:359 - [32minfo[39m: [32mServer Initialized at port: 3000[39m
2022-04-26 15:35:12:3512 - [32minfo[39m: [32mConectou ao banco de dados![39m
2022-04-26 15:35:12:3512 - [32minfo[39m: [32mServer Initialized at port: 3000[39m
2022-04-26 15:35:18:3518 - [32minfo[39m: [32mConectou ao banco de dados![39m
2022-04-26 15:35:18:3518 - [32minfo[39m: [32mServer Initialized at port: 3000[39m
2022-04-26 15:35:26:3526 - [32minfo[39m: [32mConectou ao banco de dados![39m
2022-04-26 15:35:26:3526 - [32minfo[39m: [32mServer Initialized at port: 3000[39m
2022-04-26 15:35:32:3532 - [32minfo[39m: [32mConectou ao banco de dados![39m
2022-04-26 15:35:32:3532 - [32minfo[39m: [32mServer Initialized at port: 3000[39m
2022-04-26 15:35:36:3536 - [32minfo[39m: [32mConectou ao banco de dados![39m
2022-04-26 15:35:36:3536 - [32minfo[39m: [32mServer Initialized at port: 3000[39m
2022-04-26 15:36:22:3622 - [32minfo[39m: [32mConectou ao banco de dados![39m
2022-04-26 15:36:22:3622 - [32minfo[39m: [32mServer Initialized at port: 3000[39m
2022-04-26 15:36:25:3625 - [32minfo[39m: [32mConectou ao banco de dados![39m
2022-04-26 15:36:25:3625 - [32minfo[39m: [32mServer Initialized at port: 3000[39m
2022-04-26 15:36:28:3628 - [35mhttp[39m: [35mPOST /api/movie 422 113 - 8.872 ms[39m
[35m[39m
2022-04-26 15:36:52:3652 - [35mhttp[39m: [35mPOST /api/movie 201 170 - 52.180 ms[39m
[35m[39m
2022-04-26 15:36:58:3658 - [35mhttp[39m: [35mPOST /api/movie 201 170 - 31.418 ms[39m
[35m[39m
2022-04-26 15:37:05:375 - [35mhttp[39m: [35mPOST /api/movie 422 55 - 1.389 ms[39m
[35m[39m
2022-04-26 15:37:24:3724 - [32minfo[39m: [32mConectou ao banco de dados![39m
2022-04-26 15:37:24:3724 - [32minfo[39m: [32mServer Initialized at port: 3000[39m
2022-04-26 15:37:35:3735 - [32minfo[39m: [32mConectou ao banco de dados![39m
2022-04-26 15:37:35:3735 - [32minfo[39m: [32mServer Initialized at port: 3000[39m
2022-04-26 15:38:26:3826 - [32minfo[39m: [32mConectou ao banco de dados![39m
2022-04-26 15:38:26:3826 - [32minfo[39m: [32mServer Initialized at port: 3000[39m
2022-04-26 15:38:30:3830 - [32minfo[39m: [32mConectou ao banco de dados![39m
2022-04-26 15:38:30:3830 - [32minfo[39m: [32mServer Initialized at port: 3000[39m
2022-04-26 15:38:32:3832 - [32minfo[39m: [32mConectou ao banco de dados![39m
2022-04-26 15:38:32:3832 - [32minfo[39m: [32mServer Initialized at port: 3000[39m
2022-04-26 15:38:35:3835 - [32minfo[39m: [32mConectou ao banco de dados![39m
2022-04-26 15:38:35:3835 - [32minfo[39m: [32mServer Initialized at port: 3000[39m
2022-04-26 15:38:44:3844 - [32minfo[39m: [32mConectou ao banco de dados![39m
2022-04-26 15:38:44:3844 - [32minfo[39m: [32mServer Initialized at port: 3000[39m
2022-04-26 15:42:10:4210 - [32minfo[39m: [32mConectou ao banco de dados![39m
2022-04-26 15:42:10:4210 - [32minfo[39m: [32mServer Initialized at port: 3000[39m
2022-04-26 15:42:16:4216 - [32minfo[39m: [32mConectou ao banco de dados![39m
2022-04-26 15:42:16:4216 - [32minfo[39m: [32mServer Initialized at port: 3000[39m
2022-04-26 15:42:20:4220 - [35mhttp[39m: [35mPOST /api/movie 422 57 - 8.032 ms[39m
[35m[39m
2022-04-26 15:42:24:4224 - [35mhttp[39m: [35mPOST /api/movie 422 57 - 3.758 ms[39m
[35m[39m
2022-04-26 15:42:43:4243 - [32minfo[39m: [32mConectou ao banco de dados![39m
2022-04-26 15:42:43:4243 - [32minfo[39m: [32mServer Initialized at port: 3000[39m
2022-04-26 15:42:49:4249 - [32minfo[39m: [32mConectou ao banco de dados![39m
2022-04-26 15:42:49:4249 - [32minfo[39m: [32mServer Initialized at port: 3000[39m
2022-04-26 15:42:59:4259 - [32minfo[39m: [32mConectou ao banco de dados![39m
2022-04-26 15:42:59:4259 - [32minfo[39m: [32mServer Initialized at port: 3000[39m
2022-04-26 15:43:02:432 - [32minfo[39m: [32mConectou ao banco de dados![39m
2022-04-26 15:43:02:432 - [32minfo[39m: [32mServer Initialized at port: 3000[39m
2022-04-26 15:43:22:4322 - [32minfo[39m: [32mConectou ao banco de dados![39m
2022-04-26 15:43:22:4322 - [32minfo[39m: [32mServer Initialized at port: 3000[39m
2022-04-26 15:43:25:4325 - [35mhttp[39m: [35mPOST /api/movie 422 60 - 7.866 ms[39m
[35m[39m
2022-04-26 15:43:55:4355 - [35mhttp[39m: [35mPOST /api/movie 201 205 - 59.523 ms[39m
[35m[39m
2022-04-26 15:44:10:4410 - [32minfo[39m: [32mConectou ao banco de dados![39m
2022-04-26 15:44:10:4410 - [32minfo[39m: [32mServer Initialized at port: 3000[39m
2022-04-26 15:44:24:4424 - [32minfo[39m: [32mConectou ao banco de dados![39m
2022-04-26 15:44:24:4424 - [32minfo[39m: [32mServer Initialized at port: 3000[39m
2022-04-26 15:44:28:4428 - [32minfo[39m: [32mConectou ao banco de dados![39m
2022-04-26 15:44:28:4428 - [32minfo[39m: [32mServer Initialized at port: 3000[39m
2022-04-26 15:44:40:4440 - [32minfo[39m: [32mConectou ao banco de dados![39m
2022-04-26 15:44:40:4440 - [32minfo[39m: [32mServer Initialized at port: 3000[39m
2022-04-26 15:44:40:4440 - [35mhttp[39m: [35mPOST /api/movie 422 61 - 13.712 ms[39m
[35m[39m
2022-04-26 15:45:05:455 - [35mhttp[39m: [35mPOST /api/movie 201 228 - 61.255 ms[39m
[35m[39m
2022-04-26 15:45:23:4523 - [32minfo[39m: [32mConectou ao banco de dados![39m
2022-04-26 15:45:23:4523 - [32minfo[39m: [32mServer Initialized at port: 3000[39m
2022-04-26 15:45:28:4528 - [32minfo[39m: [32mConectou ao banco de dados![39m
2022-04-26 15:45:28:4528 - [32minfo[39m: [32mServer Initialized at port: 3000[39m
2022-04-26 15:45:31:4531 - [32minfo[39m: [32mConectou ao banco de dados![39m
2022-04-26 15:45:31:4531 - [32minfo[39m: [32mServer Initialized at port: 3000[39m
2022-04-26 15:45:37:4537 - [32minfo[39m: [32mConectou ao banco de dados![39m
2022-04-26 15:45:37:4537 - [32minfo[39m: [32mServer Initialized at port: 3000[39m
2022-04-26 15:45:50:4550 - [32minfo[39m: [32mConectou ao banco de dados![39m
2022-04-26 15:45:50:4550 - [32minfo[39m: [32mServer Initialized at port: 3000[39m
2022-04-26 15:45:52:4552 - [35mhttp[39m: [35mPOST /api/movie 422 54 - 10.419 ms[39m
[35m[39m
2022-04-26 15:47:34:4734 - [35mhttp[39m: [35mPOST /api/movie 201 331 - 74.956 ms[39m
[35m[39m
2022-04-26 15:49:14:4914 - [32minfo[39m: [32mConectou ao banco de dados![39m
2022-04-26 15:49:14:4914 - [32minfo[39m: [32mServer Initialized at port: 3000[39m
2022-04-26 15:49:26:4926 - [32minfo[39m: [32mConectou ao banco de dados![39m
2022-04-26 15:49:26:4926 - [32minfo[39m: [32mServer Initialized at port: 3000[39m
2022-04-26 15:49:30:4930 - [32minfo[39m: [32mConectou ao banco de dados![39m
2022-04-26 15:49:30:4930 - [32minfo[39m: [32mServer Initialized at port: 3000[39m
2022-04-26 15:49:40:4940 - [32minfo[39m: [32mConectou ao banco de dados![39m
2022-04-26 15:49:40:4940 - [32minfo[39m: [32mServer Initialized at port: 3000[39m
2022-04-26 15:49:43:4943 - [32minfo[39m: [32mConectou ao banco de dados![39m
2022-04-26 15:49:43:4943 - [32minfo[39m: [32mServer Initialized at port: 3000[39m
2022-04-26 15:49:48:4948 - [32minfo[39m: [32mConectou ao banco de dados![39m
2022-04-26 15:49:48:4948 - [32minfo[39m: [32mServer Initialized at port: 3000[39m
2022-04-26 15:49:52:4952 - [32minfo[39m: [32mConectou ao banco de dados![39m
2022-04-26 15:49:52:4952 - [32minfo[39m: [32mServer Initialized at port: 3000[39m
2022-04-26 15:49:57:4957 - [32minfo[39m: [32mConectou ao banco de dados![39m
2022-04-26 15:49:57:4957 - [32minfo[39m: [32mServer Initialized at port: 3000[39m
2022-04-26 15:50:08:508 - [32minfo[39m: [32mConectou ao banco de dados![39m
2022-04-26 15:50:08:508 - [32minfo[39m: [32mServer Initialized at port: 3000[39m
2022-04-26 15:50:17:5017 - [32minfo[39m: [32mConectou ao banco de dados![39m
2022-04-26 15:50:17:5017 - [32minfo[39m: [32mServer Initialized at port: 3000[39m
2022-04-26 15:50:26:5026 - [32minfo[39m: [32mConectou ao banco de dados![39m
2022-04-26 15:50:26:5026 - [32minfo[39m: [32mServer Initialized at port: 3000[39m
2022-04-26 15:50:32:5032 - [32minfo[39m: [32mConectou ao banco de dados![39m
2022-04-26 15:50:32:5032 - [32minfo[39m: [32mServer Initialized at port: 3000[39m
2022-04-26 15:50:41:5041 - [32minfo[39m: [32mConectou ao banco de dados![39m
2022-04-26 15:50:41:5041 - [32minfo[39m: [32mServer Initialized at port: 3000[39m
2022-04-26 15:50:46:5046 - [32minfo[39m: [32mConectou ao banco de dados![39m
2022-04-26 15:50:46:5046 - [32minfo[39m: [32mServer Initialized at port: 3000[39m
2022-04-26 15:51:03:513 - [32minfo[39m: [32mConectou ao banco de dados![39m
2022-04-26 15:51:03:513 - [32minfo[39m: [32mServer Initialized at port: 3000[39m
2022-04-26 15:51:06:516 - [32minfo[39m: [32mConectou ao banco de dados![39m
2022-04-26 15:51:06:516 - [32minfo[39m: [32mServer Initialized at port: 3000[39m
2022-04-26 15:51:17:5117 - [32minfo[39m: [32mConectou ao banco de dados![39m
2022-04-26 15:51:17:5117 - [32minfo[39m: [32mServer Initialized at port: 3000[39m
2022-04-26 15:51:25:5125 - [32minfo[39m: [32mConectou ao banco de dados![39m
2022-04-26 15:51:25:5125 - [32minfo[39m: [32mServer Initialized at port: 3000[39m
2022-04-26 15:51:30:5130 - [32minfo[39m: [32mConectou ao banco de dados![39m
2022-04-26 15:51:30:5130 - [32minfo[39m: [32mServer Initialized at port: 3000[39m
2022-04-26 15:51:32:5132 - [32minfo[39m: [32mConectou ao banco de dados![39m
2022-04-26 15:51:32:5132 - [32minfo[39m: [32mServer Initialized at port: 3000[39m
2022-04-26 15:51:36:5136 - [32minfo[39m: [32mConectou ao banco de dados![39m
2022-04-26 15:51:36:5136 - [32minfo[39m: [32mServer Initialized at port: 3000[39m
2022-04-26 15:51:39:5139 - [32minfo[39m: [32mConectou ao banco de dados![39m
2022-04-26 15:51:39:5139 - [32minfo[39m: [32mServer Initialized at port: 3000[39m
2022-04-26 15:51:47:5147 - [32minfo[39m: [32mConectou ao banco de dados![39m
2022-04-26 15:51:47:5147 - [32minfo[39m: [32mServer Initialized at port: 3000[39m
2022-04-26 15:51:52:5152 - [32minfo[39m: [32mConectou ao banco de dados![39m
2022-04-26 15:51:52:5152 - [32minfo[39m: [32mServer Initialized at port: 3000[39m
2022-04-26 15:52:58:5258 - [32minfo[39m: [32mConectou ao banco de dados![39m
2022-04-26 15:52:58:5258 - [32minfo[39m: [32mServer Initialized at port: 3000[39m
2022-04-26 15:54:21:5421 - [31merror[39m: [31mErro no sistema: Cast to ObjectId failed for value "62683e461483de8bf0faf5e" (type string) at path "_id" for model "Movie"[39m
2022-04-26 15:54:27:5427 - [35mhttp[39m: [35mGET /api/movie/62683e461483de8bf0faf5e - - - - ms[39m
[35m[39m
2022-04-26 15:54:28:5428 - [31merror[39m: [31mErro no sistema: Cast to ObjectId failed for value "62683e461483de8bf0faf5e" (type string) at path "_id" for model "Movie"[39m
2022-04-26 15:55:01:551 - [35mhttp[39m: [35mGET /api//movie/62683e461483de8bf0faf5e - - - - ms[39m
[35m[39m
2022-04-26 15:55:06:556 - [35mhttp[39m: [35mGET /api/movie/62683e461483de8bf0faf5ec - - - - ms[39m
[35m[39m
2022-04-26 15:55:10:5510 - [35mhttp[39m: [35mGET /api//movie/62683e461483de8bf0faf5ec - - - - ms[39m
[35m[39m
2022-04-26 15:56:18:5618 - [32minfo[39m: [32mConectou ao banco de dados![39m
2022-04-26 15:56:18:5618 - [32minfo[39m: [32mServer Initialized at port: 3000[39m
2022-04-26 15:56:32:5632 - [35mhttp[39m: [35mGET /api//movie/62683e461483de8bf0faf5ec - - - - ms[39m
[35m[39m
2022-04-26 15:57:04:574 - [32minfo[39m: [32mConectou ao banco de dados![39m
2022-04-26 15:57:04:574 - [32minfo[39m: [32mServer Initialized at port: 3000[39m
2022-04-26 15:57:18:5718 - [35mhttp[39m: [35mGET /api/movie/ 404 149 - 3.848 ms[39m
[35m[39m
2022-04-26 15:59:58:5958 - [32minfo[39m: [32mConectou ao banco de dados![39m
2022-04-26 15:59:58:5958 - [32minfo[39m: [32mServer Initialized at port: 3000[39m
2022-04-26 16:00:30:030 - [32minfo[39m: [32mConectou ao banco de dados![39m
2022-04-26 16:00:30:030 - [32minfo[39m: [32mServer Initialized at port: 3000[39m
2022-04-26 16:00:32:032 - [32minfo[39m: [32mConectou ao banco de dados![39m
2022-04-26 16:00:32:032 - [32minfo[39m: [32mServer Initialized at port: 3000[39m
2022-04-26 16:00:34:034 - [32minfo[39m: [32mConectou ao banco de dados![39m
2022-04-26 16:00:34:034 - [32minfo[39m: [32mServer Initialized at port: 3000[39m
2022-04-26 16:00:37:037 - [35mhttp[39m: [35mGET /api/movie/62683e461483de8bf0faf5ec - - - - ms[39m
[35m[39m
2022-04-26 16:00:40:040 - [31merror[39m: [31mErro no sistema: Cast to ObjectId failed for value "62683e461483de8bf0faf5e" (type string) at path "_id" for model "Movie"[39m
2022-04-26 16:00:53:053 - [35mhttp[39m: [35mGET /api/movie/62683e461483de8bf0faf5e - - - - ms[39m
[35m[39m
2022-04-26 16:00:54:054 - [35mhttp[39m: [35mPOST /api/movie/62683e461483de8bf0faf5e 404 173 - 3.253 ms[39m
[35m[39m
2022-04-26 16:02:04:24 - [32minfo[39m: [32mConectou ao banco de dados![39m
2022-04-26 16:02:04:24 - [32minfo[39m: [32mServer Initialized at port: 3000[39m
2022-04-26 16:02:07:27 - [32minfo[39m: [32mConectou ao banco de dados![39m
2022-04-26 16:02:07:27 - [32minfo[39m: [32mServer Initialized at port: 3000[39m
2022-04-26 16:02:11:211 - [32minfo[39m: [32mConectou ao banco de dados![39m
2022-04-26 16:02:11:211 - [32minfo[39m: [32mServer Initialized at port: 3000[39m
2022-04-26 16:02:14:214 - [32minfo[39m: [32mConectou ao banco de dados![39m
2022-04-26 16:02:14:214 - [32minfo[39m: [32mServer Initialized at port: 3000[39m
2022-04-26 16:02:18:218 - [32minfo[39m: [32mConectou ao banco de dados![39m
2022-04-26 16:02:18:218 - [32minfo[39m: [32mServer Initialized at port: 3000[39m
2022-04-26 16:02:22:222 - [35mhttp[39m: [35mGET /api/movie/62683e461483de8bf0faf5ec 200 331 - 61.073 ms[39m
[35m[39m
2022-04-26 16:02:26:226 - [31merror[39m: [31mErro no sistema: Cast to ObjectId failed for value "62683e461483de8bf0faf5e" (type string) at path "_id" for model "Movie"[39m
2022-04-26 16:05:45:545 - [32minfo[39m: [32mConectou ao banco de dados![39m
2022-04-26 16:05:45:545 - [32minfo[39m: [32mServer Initialized at port: 3000[39m
2022-04-26 16:05:50:550 - [31merror[39m: [31mErro no sistema: Cast to ObjectId failed for value "62683e461483de8bf0faf5e" (type string) at path "_id" for model "Movie"[39m
2022-04-26 16:06:41:641 - [35mhttp[39m: [35mGET /api/movie/62683e461483de8bf0faf5e - - - - ms[39m
[35m[39m
2022-04-26 16:06:42:642 - [31merror[39m: [31mErro no sistema: Cast to ObjectId failed for value ""62683e461483de8bf0faf5e"" (type string) at path "_id" for model "Movie"[39m
2022-04-26 16:07:49:749 - [32minfo[39m: [32mConectou ao banco de dados![39m
2022-04-26 16:07:49:749 - [32minfo[39m: [32mServer Initialized at port: 3000[39m
2022-04-26 16:07:56:756 - [32minfo[39m: [32mConectou ao banco de dados![39m
2022-04-26 16:07:56:756 - [32minfo[39m: [32mServer Initialized at port: 3000[39m
2022-04-26 16:09:03:93 - [32minfo[39m: [32mConectou ao banco de dados![39m
2022-04-26 16:09:03:93 - [32minfo[39m: [32mServer Initialized at port: 3000[39m
2022-04-26 16:09:08:98 - [32minfo[39m: [32mErro no sistema: Cast to ObjectId failed for value "62683e461483de8bf0faf5e" (type string) at path "_id" for model "Movie"[39m
2022-04-26 16:09:17:917 - [32minfo[39m: [32mConectou ao banco de dados![39m
2022-04-26 16:09:17:917 - [32minfo[39m: [32mServer Initialized at port: 3000[39m
2022-04-26 16:10:21:1021 - [35mhttp[39m: [35mGET /api/movie/62683e461483de8bf0faf5ec 200 331 - 47.668 ms[39m
[35m[39m
2022-04-26 16:11:22:1122 - [32minfo[39m: [32mConectou ao banco de dados![39m
2022-04-26 16:11:22:1122 - [32minfo[39m: [32mServer Initialized at port: 3000[39m
2022-04-26 16:11:24:1124 - [32minfo[39m: [32mConectou ao banco de dados![39m
2022-04-26 16:11:24:1124 - [32minfo[39m: [32mServer Initialized at port: 3000[39m
2022-04-26 16:11:37:1137 - [32minfo[39m: [32mConectou ao banco de dados![39m
2022-04-26 16:11:37:1137 - [32minfo[39m: [32mServer Initialized at port: 3000[39m
2022-04-26 16:11:51:1151 - [32minfo[39m: [32mConectou ao banco de dados![39m
2022-04-26 16:11:51:1151 - [32minfo[39m: [32mServer Initialized at port: 3000[39m
2022-04-26 16:11:57:1157 - [32minfo[39m: [32mConectou ao banco de dados![39m
2022-04-26 16:11:57:1157 - [32minfo[39m: [32mServer Initialized at port: 3000[39m
2022-04-26 16:12:07:127 - [32minfo[39m: [32mConectou ao banco de dados![39m
2022-04-26 16:12:07:127 - [32minfo[39m: [32mServer Initialized at port: 3000[39m
2022-04-26 16:12:10:1210 - [32minfo[39m: [32mConectou ao banco de dados![39m
2022-04-26 16:12:10:1210 - [32minfo[39m: [32mServer Initialized at port: 3000[39m
2022-04-26 16:12:15:1215 - [32minfo[39m: [32mConectou ao banco de dados![39m
2022-04-26 16:12:15:1215 - [32minfo[39m: [32mServer Initialized at port: 3000[39m
2022-04-26 16:12:33:1233 - [32minfo[39m: [32mConectou ao banco de dados![39m
2022-04-26 16:12:33:1233 - [32minfo[39m: [32mServer Initialized at port: 3000[39m
2022-04-26 16:12:38:1238 - [32minfo[39m: [32mConectou ao banco de dados![39m
2022-04-26 16:12:38:1238 - [32minfo[39m: [32mServer Initialized at port: 3000[39m
2022-04-26 16:12:52:1252 - [32minfo[39m: [32mConectou ao banco de dados![39m
2022-04-26 16:12:52:1252 - [32minfo[39m: [32mServer Initialized at port: 3000[39m
2022-04-26 16:13:02:132 - [32minfo[39m: [32mConectou ao banco de dados![39m
2022-04-26 16:13:02:132 - [32minfo[39m: [32mServer Initialized at port: 3000[39m
2022-04-26 16:13:21:1321 - [35mhttp[39m: [35mGET /api/movie 200 1569 - 48.980 ms[39m
[35m[39m
2022-04-26 16:14:32:1432 - [32minfo[39m: [32mConectou ao banco de dados![39m
2022-04-26 16:14:32:1432 - [32minfo[39m: [32mServer Initialized at port: 3000[39m
2022-04-26 16:14:52:1452 - [32minfo[39m: [32mConectou ao banco de dados![39m
2022-04-26 16:14:52:1452 - [32minfo[39m: [32mServer Initialized at port: 3000[39m
2022-04-26 16:14:55:1455 - [32minfo[39m: [32mConectou ao banco de dados![39m
2022-04-26 16:14:55:1455 - [32minfo[39m: [32mServer Initialized at port: 3000[39m
2022-04-26 16:15:14:1514 - [32minfo[39m: [32mConectou ao banco de dados![39m
2022-04-26 16:15:14:1514 - [32minfo[39m: [32mServer Initialized at port: 3000[39m
2022-04-26 16:15:44:1544 - [32minfo[39m: [32mConectou ao banco de dados![39m
2022-04-26 16:15:44:1544 - [32minfo[39m: [32mServer Initialized at port: 3000[39m
2022-04-26 16:15:49:1549 - [32minfo[39m: [32mConectou ao banco de dados![39m
2022-04-26 16:15:49:1549 - [32minfo[39m: [32mServer Initialized at port: 3000[39m
2022-04-26 16:16:01:161 - [32minfo[39m: [32mConectou ao banco de dados![39m
2022-04-26 16:16:01:161 - [32minfo[39m: [32mServer Initialized at port: 3000[39m
2022-04-26 16:16:06:166 - [32minfo[39m: [32mConectou ao banco de dados![39m
2022-04-26 16:16:06:166 - [32minfo[39m: [32mServer Initialized at port: 3000[39m
2022-04-26 16:16:11:1611 - [32minfo[39m: [32mConectou ao banco de dados![39m
2022-04-26 16:16:11:1611 - [32minfo[39m: [32mServer Initialized at port: 3000[39m
2022-04-26 16:16:48:1648 - [32minfo[39m: [32mConectou ao banco de dados![39m
2022-04-26 16:16:48:1648 - [32minfo[39m: [32mServer Initialized at port: 3000[39m
2022-04-26 16:16:52:1652 - [32minfo[39m: [32mConectou ao banco de dados![39m
2022-04-26 16:16:52:1652 - [32minfo[39m: [32mServer Initialized at port: 3000[39m
2022-04-26 16:17:09:179 - [32minfo[39m: [32mConectou ao banco de dados![39m
2022-04-26 16:17:09:179 - [32minfo[39m: [32mServer Initialized at port: 3000[39m
2022-04-26 16:17:12:1712 - [32minfo[39m: [32mConectou ao banco de dados![39m
2022-04-26 16:17:12:1712 - [32minfo[39m: [32mServer Initialized at port: 3000[39m
2022-04-26 16:17:16:1716 - [32minfo[39m: [32mConectou ao banco de dados![39m
2022-04-26 16:17:16:1716 - [32minfo[39m: [32mServer Initialized at port: 3000[39m
2022-04-26 16:17:27:1727 - [32minfo[39m: [32mConectou ao banco de dados![39m
2022-04-26 16:17:27:1727 - [32minfo[39m: [32mServer Initialized at port: 3000[39m
2022-04-26 16:17:45:1745 - [32minfo[39m: [32mConectou ao banco de dados![39m
2022-04-26 16:17:45:1745 - [32minfo[39m: [32mServer Initialized at port: 3000[39m
2022-04-26 16:18:08:188 - [32minfo[39m: [32mConectou ao banco de dados![39m
2022-04-26 16:18:08:188 - [32minfo[39m: [32mServer Initialized at port: 3000[39m
2022-04-26 16:18:12:1812 - [32minfo[39m: [32mConectou ao banco de dados![39m
2022-04-26 16:18:12:1812 - [32minfo[39m: [32mServer Initialized at port: 3000[39m
2022-04-26 16:18:15:1815 - [32minfo[39m: [32mConectou ao banco de dados![39m
2022-04-26 16:18:15:1815 - [32minfo[39m: [32mServer Initialized at port: 3000[39m
2022-04-26 16:18:18:1818 - [32minfo[39m: [32mConectou ao banco de dados![39m
2022-04-26 16:18:18:1818 - [32minfo[39m: [32mServer Initialized at port: 3000[39m
2022-04-26 16:18:30:1830 - [32minfo[39m: [32mConectou ao banco de dados![39m
2022-04-26 16:18:30:1830 - [32minfo[39m: [32mServer Initialized at port: 3000[39m
2022-04-26 16:19:42:1942 - [31merror[39m: [31mErro no sistema: Cast to ObjectId failed for value "62681f877bba0f2a96ba49c" (type string) at path "_id" for model "Movie"[39m
2022-04-26 16:19:42:1942 - [35mhttp[39m: [35mDELETE /api/movie/62681f877bba0f2a96ba49c 500 50 - 15.000 ms[39m
[35m[39m
2022-04-26 16:20:08:208 - [31merror[39m: [31mErro no sistema: Cast to ObjectId failed for value "62681f877bba0f2a96ba49c" (type string) at path "_id" for model "Movie"[39m
2022-04-26 16:20:08:208 - [35mhttp[39m: [35mDELETE /api//movie/62681f877bba0f2a96ba49c 500 50 - 3.387 ms[39m
[35m[39m
2022-04-26 16:20:10:2010 - [31merror[39m: [31mErro no sistema: Cast to ObjectId failed for value "62681f877bba0f2a96ba49c" (type string) at path "_id" for model "Movie"[39m
2022-04-26 16:20:10:2010 - [35mhttp[39m: [35mDELETE /api//movie/62681f877bba0f2a96ba49c 500 50 - 2.208 ms[39m
[35m[39m
2022-04-26 16:20:51:2051 - [32minfo[39m: [32mConectou ao banco de dados![39m
2022-04-26 16:20:51:2051 - [32minfo[39m: [32mServer Initialized at port: 3000[39m
2022-04-26 16:20:54:2054 - [32minfo[39m: [32mConectou ao banco de dados![39m
2022-04-26 16:20:54:2054 - [32minfo[39m: [32mServer Initialized at port: 3000[39m
2022-04-26 16:20:59:2059 - [32minfo[39m: [32mConectou ao banco de dados![39m
2022-04-26 16:20:59:2059 - [32minfo[39m: [32mServer Initialized at port: 3000[39m
2022-04-26 16:21:03:213 - [32minfo[39m: [32mConectou ao banco de dados![39m
2022-04-26 16:21:03:213 - [32minfo[39m: [32mServer Initialized at port: 3000[39m
2022-04-26 16:21:05:215 - [32minfo[39m: [32mConectou ao banco de dados![39m
2022-04-26 16:21:05:215 - [32minfo[39m: [32mServer Initialized at port: 3000[39m
2022-04-26 16:21:09:219 - [32minfo[39m: [32mConectou ao banco de dados![39m
2022-04-26 16:21:09:219 - [32minfo[39m: [32mServer Initialized at port: 3000[39m
2022-04-26 16:21:23:2123 - [32minfo[39m: [32mConectou ao banco de dados![39m
2022-04-26 16:21:23:2123 - [32minfo[39m: [32mServer Initialized at port: 3000[39m
2022-04-26 16:21:35:2135 - [35mhttp[39m: [35mDELETE /api/movie/62681f877bba0f2a96ba49c0 200 36 - 72.246 ms[39m
[35m[39m
2022-04-26 16:21:39:2139 - [31merror[39m: [31mErro no sistema: Cast to ObjectId failed for value "62681f877bba0f2a96ba49c" (type string) at path "_id" for model "Movie"[39m
2022-04-26 16:21:39:2139 - [35mhttp[39m: [35mDELETE /api/movie/62681f877bba0f2a96ba49c 500 50 - 9.536 ms[39m
[35m[39m
2022-04-26 16:27:06:276 - [32minfo[39m: [32mConectou ao banco de dados![39m
2022-04-26 16:27:06:276 - [32minfo[39m: [32mServer Initialized at port: 3000[39m
2022-04-26 16:27:12:2712 - [32minfo[39m: [32mConectou ao banco de dados![39m
2022-04-26 16:27:12:2712 - [32minfo[39m: [32mServer Initialized at port: 3000[39m
2022-04-26 16:27:27:2727 - [32minfo[39m: [32mConectou ao banco de dados![39m
2022-04-26 16:27:27:2727 - [32minfo[39m: [32mServer Initialized at port: 3000[39m
2022-04-26 16:27:33:2733 - [32minfo[39m: [32mConectou ao banco de dados![39m
2022-04-26 16:27:33:2733 - [32minfo[39m: [32mServer Initialized at port: 3000[39m
2022-04-26 16:27:48:2748 - [32minfo[39m: [32mConectou ao banco de dados![39m
2022-04-26 16:27:48:2748 - [32minfo[39m: [32mServer Initialized at port: 3000[39m
2022-04-26 16:28:04:284 - [32minfo[39m: [32mConectou ao banco de dados![39m
2022-04-26 16:28:04:284 - [32minfo[39m: [32mServer Initialized at port: 3000[39m
2022-04-26 16:28:18:2818 - [32minfo[39m: [32mConectou ao banco de dados![39m
2022-04-26 16:28:18:2818 - [32minfo[39m: [32mServer Initialized at port: 3000[39m
2022-04-26 16:28:32:2832 - [32minfo[39m: [32mConectou ao banco de dados![39m
2022-04-26 16:28:32:2832 - [32minfo[39m: [32mServer Initialized at port: 3000[39m
2022-04-26 16:28:35:2835 - [32minfo[39m: [32mConectou ao banco de dados![39m
2022-04-26 16:28:35:2835 - [32minfo[39m: [32mServer Initialized at port: 3000[39m
2022-04-26 16:28:40:2840 - [32minfo[39m: [32mConectou ao banco de dados![39m
2022-04-26 16:28:40:2840 - [32minfo[39m: [32mServer Initialized at port: 3000[39m
2022-04-26 16:29:24:2924 - [35mhttp[39m: [35mPATCH /api/movie/62683e461483de8bf0faf5ec - - - - ms[39m
[35m[39m
2022-04-26 16:29:25:2925 - [31merror[39m: [31mErro no sistema: Cast to ObjectId failed for value "62683e461483de8bf0faf5e" (type string) at path "_id" for model "Movie"[39m
2022-04-26 16:29:25:2925 - [35mhttp[39m: [35mPATCH /api/movie/62683e461483de8bf0faf5e 500 50 - 7.110 ms[39m
[35m[39m
2022-04-26 16:29:48:2948 - [32minfo[39m: [32mConectou ao banco de dados![39m
2022-04-26 16:29:48:2948 - [32minfo[39m: [32mServer Initialized at port: 3000[39m
2022-04-26 16:29:51:2951 - [31merror[39m: [31mErro no sistema: Cast to ObjectId failed for value "62683e461483de8bf0faf5e" (type string) at path "_id" for model "Movie"[39m
2022-04-26 16:31:41:3141 - [32minfo[39m: [32mConectou ao banco de dados![39m
2022-04-26 16:31:41:3141 - [32minfo[39m: [32mServer Initialized at port: 3000[39m
2022-04-26 16:33:59:3359 - [32minfo[39m: [32mConectou ao banco de dados![39m
2022-04-26 16:33:59:3359 - [32minfo[39m: [32mServer Initialized at port: 3000[39m
2022-04-26 16:34:01:341 - [32minfo[39m: [32mConectou ao banco de dados![39m
2022-04-26 16:34:01:341 - [32minfo[39m: [32mServer Initialized at port: 3000[39m
2022-04-26 16:35:59:3559 - [32minfo[39m: [32mConectou ao banco de dados![39m
2022-04-26 16:35:59:3559 - [32minfo[39m: [32mServer Initialized at port: 3000[39m
2022-04-26 16:37:38:3738 - [32minfo[39m: [32mConectou ao banco de dados![39m
2022-04-26 16:37:38:3738 - [32minfo[39m: [32mServer Initialized at port: 3000[39m
2022-04-26 16:38:08:388 - [32minfo[39m: [32mConectou ao banco de dados![39m
2022-04-26 16:38:08:388 - [32minfo[39m: [32mServer Initialized at port: 3000[39m
2022-04-26 16:38:21:3821 - [35mhttp[39m: [35mPATCH /api/movie/62683e461483de8bf0faf5e - - - - ms[39m
[35m[39m
2022-04-26 16:38:27:3827 - [35mhttp[39m: [35mPATCH /api/movie/62683e461483de8bf0faf5ec - - - - ms[39m
[35m[39m
2022-04-26 16:38:41:3841 - [35mhttp[39m: [35mDELETE /api/movie/62681f877bba0f2a96ba49c - - - - ms[39m
[35m[39m
2022-04-26 16:39:20:3920 - [35mhttp[39m: [35mDELETE /api/movie/62683e461483de8bf0faf5e - - - - ms[39m
[35m[39m
2022-04-26 16:39:36:3936 - [32minfo[39m: [32mConectou ao banco de dados![39m
2022-04-26 16:39:36:3936 - [32minfo[39m: [32mServer Initialized at port: 3000[39m
2022-04-26 16:40:08:408 - [32minfo[39m: [32mConectou ao banco de dados![39m
2022-04-26 16:40:08:408 - [32minfo[39m: [32mServer Initialized at port: 3000[39m
2022-04-26 16:40:14:4014 - [32minfo[39m: [32mConectou ao banco de dados![39m
2022-04-26 16:40:14:4014 - [32minfo[39m: [32mServer Initialized at port: 3000[39m
2022-04-26 16:40:31:4031 - [32minfo[39m: [32mConectou ao banco de dados![39m
2022-04-26 16:40:31:4031 - [32minfo[39m: [32mServer Initialized at port: 3000[39m
2022-04-26 16:40:44:4044 - [32minfo[39m: [32mConectou ao banco de dados![39m
2022-04-26 16:40:44:4044 - [32minfo[39m: [32mServer Initialized at port: 3000[39m
2022-04-26 16:40:47:4047 - [32minfo[39m: [32mConectou ao banco de dados![39m
2022-04-26 16:40:47:4047 - [32minfo[39m: [32mServer Initialized at port: 3000[39m
2022-04-26 16:40:50:4050 - [32minfo[39m: [32mConectou ao banco de dados![39m
2022-04-26 16:40:50:4050 - [32minfo[39m: [32mServer Initialized at port: 3000[39m
2022-04-26 16:40:57:4057 - [32minfo[39m: [32mConectou ao banco de dados![39m
2022-04-26 16:40:57:4057 - [32minfo[39m: [32mServer Initialized at port: 3000[39m
2022-04-26 16:41:02:412 - [32minfo[39m: [32mConectou ao banco de dados![39m
2022-04-26 16:41:02:412 - [32minfo[39m: [32mServer Initialized at port: 3000[39m
2022-04-26 16:41:07:417 - [32minfo[39m: [32mConectou ao banco de dados![39m
2022-04-26 16:41:07:417 - [32minfo[39m: [32mServer Initialized at port: 3000[39m
2022-04-26 16:41:16:4116 - [32minfo[39m: [32mConectou ao banco de dados![39m
2022-04-26 16:41:16:4116 - [32minfo[39m: [32mServer Initialized at port: 3000[39m
2022-04-26 16:41:21:4121 - [32minfo[39m: [32mConectou ao banco de dados![39m
2022-04-26 16:41:21:4121 - [32minfo[39m: [32mServer Initialized at port: 3000[39m
2022-04-26 16:41:34:4134 - [32minfo[39m: [32mConectou ao banco de dados![39m
2022-04-26 16:41:34:4134 - [32minfo[39m: [32mServer Initialized at port: 3000[39m
2022-04-26 16:41:51:4151 - [32minfo[39m: [32mConectou ao banco de dados![39m
2022-04-26 16:41:51:4151 - [32minfo[39m: [32mServer Initialized at port: 3000[39m
2022-04-26 16:41:57:4157 - [32minfo[39m: [32mConectou ao banco de dados![39m
2022-04-26 16:41:57:4157 - [32minfo[39m: [32mServer Initialized at port: 3000[39m
2022-04-26 16:42:05:425 - [32minfo[39m: [32mConectou ao banco de dados![39m
2022-04-26 16:42:05:425 - [32minfo[39m: [32mServer Initialized at port: 3000[39m
2022-04-26 16:42:11:4211 - [32minfo[39m: [32mConectou ao banco de dados![39m
2022-04-26 16:42:11:4211 - [32minfo[39m: [32mServer Initialized at port: 3000[39m
2022-04-26 16:42:14:4214 - [32minfo[39m: [32mConectou ao banco de dados![39m
2022-04-26 16:42:14:4214 - [32minfo[39m: [32mServer Initialized at port: 3000[39m
2022-04-26 16:42:25:4225 - [32minfo[39m: [32mConectou ao banco de dados![39m
2022-04-26 16:42:25:4225 - [32minfo[39m: [32mServer Initialized at port: 3000[39m
2022-04-26 16:44:23:4423 - [35mhttp[39m: [35mPATCH /api/movie/62683e461483de8bf0faf5ec 200 300 - 71.837 ms[39m
[35m[39m
2022-04-26 16:45:22:4522 - [32minfo[39m: [32mConectou ao banco de dados![39m
2022-04-26 16:45:22:4522 - [32minfo[39m: [32mServer Initialized at port: 3000[39m
